<?xml version="1.0" encoding="UTF-8"?>
<!-- Generated by org.testng.reporters.JUnitReportReporter -->
<testsuite hostname="LTIN275640" failures="0" tests="3" name="testCase.TC001_upcomingBikes" time="86.192" errors="0" timestamp="2024-02-09T17:40:10 IST" skipped="0">
  <testcase classname="testCase.TC001_upcomingBikes" name="getnewbikesaction" time="36.141"/>
  <testcase classname="testCase.TC001_upcomingBikes" name="getmanufacture" time="44.928"/>
  <testcase classname="testCase.TC001_upcomingBikes" name="getpriceamount" time="5.123"/>
</testsuite> <!-- testCase.TC001_upcomingBikes -->
