<?xml version="1.0" encoding="UTF-8"?>
<!-- Generated by org.testng.reporters.JUnitReportReporter -->
<testsuite hostname="LTIN275640" failures="0" tests="1" name="testBase.baseClass" time="48.987" errors="0" timestamp="2024-02-05T11:08:31 IST" skipped="0">
  <testcase classname="testBase.baseClass" name="setup" time="48.987"/>
</testsuite> <!-- testBase.baseClass -->
