<?xml version="1.0" encoding="UTF-8"?>
<!-- Generated by org.testng.reporters.JUnitReportReporter -->
<testsuite hostname="LTIN275640" failures="0" tests="8" name="testCase.TC003_login" time="177.752" errors="0" timestamp="2024-02-13T11:51:21 IST" skipped="0">
  <testcase classname="testCase.TC003_login" name="getnewbikesaction" time="30.917"/>
  <testcase classname="testCase.TC003_login" name="getmanufacture" time="55.434"/>
  <testcase classname="testCase.TC003_login" name="getpriceamount" time="5.110"/>
  <testcase classname="testCase.TC003_login" name="gethomepage" time="35.941"/>
  <testcase classname="testCase.TC003_login" name="getusedcars" time="37.007"/>
  <testcase classname="testCase.TC003_login" name="getpopularmodules" time="3.508"/>
  <testcase classname="testCase.TC003_login" name="getloginOrSignup" time="4.664"/>
  <testcase classname="testCase.TC003_login" name="getemailid" time="5.171"/>
</testsuite> <!-- testCase.TC003_login -->
